2007.11.17 18:27 B K:\AnotherPHPMySQLExample\CreateTable.php --> hermes.hud.ac.uk /home/staff/scomsjw/web/First GuestBook/MySecondPHP+MYSQLApp CreateTable.php
2007.11.17 18:27 B K:\AnotherPHPMySQLExample\DeleteData.php --> hermes.hud.ac.uk /home/staff/scomsjw/web/First GuestBook/MySecondPHP+MYSQLApp DeleteData.php
2007.11.17 18:27 B K:\AnotherPHPMySQLExample\DropTable.php --> hermes.hud.ac.uk /home/staff/scomsjw/web/First GuestBook/MySecondPHP+MYSQLApp DropTable.php
2007.11.17 18:27 B K:\AnotherPHPMySQLExample\InsertData.php --> hermes.hud.ac.uk /home/staff/scomsjw/web/First GuestBook/MySecondPHP+MYSQLApp InsertData.php
2007.11.17 18:27 B K:\AnotherPHPMySQLExample\insertform.htm --> hermes.hud.ac.uk /home/staff/scomsjw/web/First GuestBook/MySecondPHP+MYSQLApp insertform.htm
2007.11.17 18:27 B K:\AnotherPHPMySQLExample\main.htm --> hermes.hud.ac.uk /home/staff/scomsjw/web/First GuestBook/MySecondPHP+MYSQLApp main.htm
2007.11.17 18:27 B K:\AnotherPHPMySQLExample\MyDBFunctions.php --> hermes.hud.ac.uk /home/staff/scomsjw/web/First GuestBook/MySecondPHP+MYSQLApp MyDBFunctions.php
2007.11.17 18:27 B K:\AnotherPHPMySQLExample\RetrieveData.php --> hermes.hud.ac.uk /home/staff/scomsjw/web/First GuestBook/MySecondPHP+MYSQLApp RetrieveData.php
2007.11.17 18:27 B K:\AnotherPHPMySQLExample\RetrieveDatatoTable.php --> hermes.hud.ac.uk /home/staff/scomsjw/web/First GuestBook/MySecondPHP+MYSQLApp RetrieveDatatoTable.php
2007.11.17 18:27 B K:\AnotherPHPMySQLExample\stylesheet.css --> hermes.hud.ac.uk /home/staff/scomsjw/web/First GuestBook/MySecondPHP+MYSQLApp stylesheet.css
2007.11.17 18:27 B K:\AnotherPHPMySQLExample\UpdateData.php --> hermes.hud.ac.uk /home/staff/scomsjw/web/First GuestBook/MySecondPHP+MYSQLApp UpdateData.php
2007.11.17 18:32 B K:\AnotherPHPMySQLExample\RetrieveData.php --> hermes.hud.ac.uk /home/staff/scomsjw/web/First GuestBook/MySecondPHP+MYSQLApp RetrieveData.php
2007.11.17 18:40 B K:\AnotherPHPMySQLExample\CreateTable.php --> hermes.hud.ac.uk /home/staff/scomsjw/web/First GuestBook/MySecondPHP+MYSQLApp CreateTable.php
2007.11.17 18:40 B K:\AnotherPHPMySQLExample\DeleteData.php --> hermes.hud.ac.uk /home/staff/scomsjw/web/First GuestBook/MySecondPHP+MYSQLApp DeleteData.php
2007.11.17 18:40 B K:\AnotherPHPMySQLExample\DropTable.php --> hermes.hud.ac.uk /home/staff/scomsjw/web/First GuestBook/MySecondPHP+MYSQLApp DropTable.php
2007.11.17 18:40 B K:\AnotherPHPMySQLExample\InsertData.php --> hermes.hud.ac.uk /home/staff/scomsjw/web/First GuestBook/MySecondPHP+MYSQLApp InsertData.php
2007.11.17 18:40 B K:\AnotherPHPMySQLExample\insertform.htm --> hermes.hud.ac.uk /home/staff/scomsjw/web/First GuestBook/MySecondPHP+MYSQLApp insertform.htm
2007.11.17 18:40 B K:\AnotherPHPMySQLExample\main.htm --> hermes.hud.ac.uk /home/staff/scomsjw/web/First GuestBook/MySecondPHP+MYSQLApp main.htm
2007.11.17 18:40 B K:\AnotherPHPMySQLExample\MyDBFunctions.php --> hermes.hud.ac.uk /home/staff/scomsjw/web/First GuestBook/MySecondPHP+MYSQLApp MyDBFunctions.php
2007.11.17 18:40 B K:\AnotherPHPMySQLExample\RetrieveData.php --> hermes.hud.ac.uk /home/staff/scomsjw/web/First GuestBook/MySecondPHP+MYSQLApp RetrieveData.php
2007.11.17 18:40 B K:\AnotherPHPMySQLExample\RetrieveDatatoTable.php --> hermes.hud.ac.uk /home/staff/scomsjw/web/First GuestBook/MySecondPHP+MYSQLApp RetrieveDatatoTable.php
2007.11.17 18:40 B K:\AnotherPHPMySQLExample\stylesheet.css --> hermes.hud.ac.uk /home/staff/scomsjw/web/First GuestBook/MySecondPHP+MYSQLApp stylesheet.css
2007.11.17 18:40 B K:\AnotherPHPMySQLExample\UpdateData.php --> hermes.hud.ac.uk /home/staff/scomsjw/web/First GuestBook/MySecondPHP+MYSQLApp UpdateData.php
2007.11.17 18:53 B K:\AnotherPHPMySQLExample\CreateTable.php --> hermes.hud.ac.uk /home/staff/scomsjw/web/First GuestBook/MySecondPHP+MYSQLApp CreateTable.php
2007.11.17 18:53 B K:\AnotherPHPMySQLExample\DeleteData.php --> hermes.hud.ac.uk /home/staff/scomsjw/web/First GuestBook/MySecondPHP+MYSQLApp DeleteData.php
2007.11.17 18:53 B K:\AnotherPHPMySQLExample\DropTable.php --> hermes.hud.ac.uk /home/staff/scomsjw/web/First GuestBook/MySecondPHP+MYSQLApp DropTable.php
2007.11.17 18:53 B K:\AnotherPHPMySQLExample\InsertData.php --> hermes.hud.ac.uk /home/staff/scomsjw/web/First GuestBook/MySecondPHP+MYSQLApp InsertData.php
2007.11.17 18:53 B K:\AnotherPHPMySQLExample\insertform.htm --> hermes.hud.ac.uk /home/staff/scomsjw/web/First GuestBook/MySecondPHP+MYSQLApp insertform.htm
2007.11.17 18:53 B K:\AnotherPHPMySQLExample\main.htm --> hermes.hud.ac.uk /home/staff/scomsjw/web/First GuestBook/MySecondPHP+MYSQLApp main.htm
2007.11.17 18:53 B K:\AnotherPHPMySQLExample\MyDBFunctions.php --> hermes.hud.ac.uk /home/staff/scomsjw/web/First GuestBook/MySecondPHP+MYSQLApp MyDBFunctions.php
2007.11.17 18:53 B K:\AnotherPHPMySQLExample\RetrieveData.php --> hermes.hud.ac.uk /home/staff/scomsjw/web/First GuestBook/MySecondPHP+MYSQLApp RetrieveData.php
2007.11.17 18:53 B K:\AnotherPHPMySQLExample\RetrieveDatatoTable.php --> hermes.hud.ac.uk /home/staff/scomsjw/web/First GuestBook/MySecondPHP+MYSQLApp RetrieveDatatoTable.php
2007.11.17 18:53 B K:\AnotherPHPMySQLExample\stylesheet.css --> hermes.hud.ac.uk /home/staff/scomsjw/web/First GuestBook/MySecondPHP+MYSQLApp stylesheet.css
2007.11.17 18:53 B K:\AnotherPHPMySQLExample\UpdateData.php --> hermes.hud.ac.uk /home/staff/scomsjw/web/First GuestBook/MySecondPHP+MYSQLApp UpdateData.php
2007.11.20 10:25 B J:\WadeJscriptStuff\AnotherPHPMySQLExample\CreateTable.php --> hermes /home/staff/scomsjw/web/First GuestBook/stevesapp CreateTable.php
2007.11.20 10:25 B J:\WadeJscriptStuff\AnotherPHPMySQLExample\DeleteData.php --> hermes /home/staff/scomsjw/web/First GuestBook/stevesapp DeleteData.php
2007.11.20 10:25 B J:\WadeJscriptStuff\AnotherPHPMySQLExample\DropTable.php --> hermes /home/staff/scomsjw/web/First GuestBook/stevesapp DropTable.php
2007.11.20 10:25 B J:\WadeJscriptStuff\AnotherPHPMySQLExample\InsertData.php --> hermes /home/staff/scomsjw/web/First GuestBook/stevesapp InsertData.php
2007.11.20 10:25 B J:\WadeJscriptStuff\AnotherPHPMySQLExample\insertform.htm --> hermes /home/staff/scomsjw/web/First GuestBook/stevesapp insertform.htm
2007.11.20 10:25 B J:\WadeJscriptStuff\AnotherPHPMySQLExample\main.htm --> hermes /home/staff/scomsjw/web/First GuestBook/stevesapp main.htm
2007.11.20 10:25 B J:\WadeJscriptStuff\AnotherPHPMySQLExample\MyDBFunctions.php --> hermes /home/staff/scomsjw/web/First GuestBook/stevesapp MyDBFunctions.php
2007.11.20 10:25 B J:\WadeJscriptStuff\AnotherPHPMySQLExample\RetrieveData.php --> hermes /home/staff/scomsjw/web/First GuestBook/stevesapp RetrieveData.php
2007.11.20 10:25 B J:\WadeJscriptStuff\AnotherPHPMySQLExample\RetrieveDatatoTable.php --> hermes /home/staff/scomsjw/web/First GuestBook/stevesapp RetrieveDatatoTable.php
2007.11.20 10:25 B J:\WadeJscriptStuff\AnotherPHPMySQLExample\stylesheet.css --> hermes /home/staff/scomsjw/web/First GuestBook/stevesapp stylesheet.css
2007.11.20 10:25 B J:\WadeJscriptStuff\AnotherPHPMySQLExample\UpdateData.php --> hermes /home/staff/scomsjw/web/First GuestBook/stevesapp UpdateData.php
2007.12.03 10:40 B J:\WadeJscriptStuff\AnotherPHPMySQLExample\CreateTable.php --> hermes /home/staff/scomsjw/web/stevesapp CreateTable.php
2007.12.03 10:40 B J:\WadeJscriptStuff\AnotherPHPMySQLExample\DeleteData.php --> hermes /home/staff/scomsjw/web/stevesapp DeleteData.php
2007.12.03 10:40 B J:\WadeJscriptStuff\AnotherPHPMySQLExample\DropTable.php --> hermes /home/staff/scomsjw/web/stevesapp DropTable.php
2007.12.03 10:40 B J:\WadeJscriptStuff\AnotherPHPMySQLExample\InsertData.php --> hermes /home/staff/scomsjw/web/stevesapp InsertData.php
2007.12.03 10:40 B J:\WadeJscriptStuff\AnotherPHPMySQLExample\insertform.htm --> hermes /home/staff/scomsjw/web/stevesapp insertform.htm
2007.12.03 10:40 B J:\WadeJscriptStuff\AnotherPHPMySQLExample\main.htm --> hermes /home/staff/scomsjw/web/stevesapp main.htm
2007.12.03 10:40 B J:\WadeJscriptStuff\AnotherPHPMySQLExample\MyDBFunctions.php --> hermes /home/staff/scomsjw/web/stevesapp MyDBFunctions.php
2007.12.03 10:40 B J:\WadeJscriptStuff\AnotherPHPMySQLExample\RetrieveData.php --> hermes /home/staff/scomsjw/web/stevesapp RetrieveData.php
2007.12.03 10:40 B J:\WadeJscriptStuff\AnotherPHPMySQLExample\RetrieveDatatoTable.php --> hermes /home/staff/scomsjw/web/stevesapp RetrieveDatatoTable.php
2007.12.03 10:40 B J:\WadeJscriptStuff\AnotherPHPMySQLExample\stylesheet.css --> hermes /home/staff/scomsjw/web/stevesapp stylesheet.css
2007.12.03 10:40 B J:\WadeJscriptStuff\AnotherPHPMySQLExample\UpdateData.php --> hermes /home/staff/scomsjw/web/stevesapp UpdateData.php
2007.12.04 10:38 B J:\WadeJscriptStuff\AnotherPHPMySQLExample\CreateTable.php --> hermes /home/staff/scomsjw/web/First GuestBook/steveappo CreateTable.php
2007.12.04 10:38 B J:\WadeJscriptStuff\AnotherPHPMySQLExample\DeleteData.php --> hermes /home/staff/scomsjw/web/First GuestBook/steveappo DeleteData.php
2007.12.04 10:38 B J:\WadeJscriptStuff\AnotherPHPMySQLExample\DropTable.php --> hermes /home/staff/scomsjw/web/First GuestBook/steveappo DropTable.php
2007.12.04 10:38 B J:\WadeJscriptStuff\AnotherPHPMySQLExample\InsertData.php --> hermes /home/staff/scomsjw/web/First GuestBook/steveappo InsertData.php
2007.12.04 10:38 B J:\WadeJscriptStuff\AnotherPHPMySQLExample\insertform.htm --> hermes /home/staff/scomsjw/web/First GuestBook/steveappo insertform.htm
2007.12.04 10:38 B J:\WadeJscriptStuff\AnotherPHPMySQLExample\main.htm --> hermes /home/staff/scomsjw/web/First GuestBook/steveappo main.htm
2007.12.04 10:38 B J:\WadeJscriptStuff\AnotherPHPMySQLExample\MyDBFunctions.php --> hermes /home/staff/scomsjw/web/First GuestBook/steveappo MyDBFunctions.php
2007.12.04 10:38 B J:\WadeJscriptStuff\AnotherPHPMySQLExample\RetrieveData.php --> hermes /home/staff/scomsjw/web/First GuestBook/steveappo RetrieveData.php
2007.12.04 10:38 B J:\WadeJscriptStuff\AnotherPHPMySQLExample\RetrieveDatatoTable.php --> hermes /home/staff/scomsjw/web/First GuestBook/steveappo RetrieveDatatoTable.php
2007.12.04 10:38 B J:\WadeJscriptStuff\AnotherPHPMySQLExample\stylesheet.css --> hermes /home/staff/scomsjw/web/First GuestBook/steveappo stylesheet.css
2007.12.04 10:38 B J:\WadeJscriptStuff\AnotherPHPMySQLExample\UpdateData.php --> hermes /home/staff/scomsjw/web/First GuestBook/steveappo UpdateData.php
2007.12.18 11:37 B J:\WadeJscriptStuff\AnotherPHPMySQLExample\RetrieveData.php --> hermes /home/staff/scomsjw/web/First GuestBook/CookieTest RetrieveData.php
